2022-11-04 19:16:24,133 [INFO] Activator:177 - 


2022-11-04 19:16:24,134 [INFO] Activator:178 - !SESSION log4j initialized
2022-11-04 19:16:46,526 [INFO] McuFinderGlobals:39 - Set McuFinder mode to 2 (CubeIDE integrated)
2022-11-04 19:16:46,904 [INFO] ApplicationProperties:181 - Using Application install path: D:\programs\STM32CubeIDE_1.7.0\STM32CubeIDE\plugins\com.st.stm32cube.common.mx_6.3.0.202107141111
2022-11-04 19:16:46,918 [INFO] DbMcusXml:74 - Set database path to: D:\programs\STM32CubeIDE_1.7.0\STM32CubeIDE\plugins\com.st.stm32cube.common.mx_6.3.0.202107141111\\db\/mcu/
2022-11-04 19:16:46,921 [INFO] DbBoardsPdsc:56 - Set plugin database path to: D:\programs\STM32CubeIDE_1.7.0\STM32CubeIDE\plugins\com.st.stm32cube.common.mx_6.3.0.202107141111\\db\/plugins/boardmanager/
2022-11-04 19:16:46,922 [INFO] DbMcus:258 - Set plugin images path to: D:\programs\STM32CubeIDE_1.7.0\STM32CubeIDE\plugins\com.st.stm32cube.common.mx_6.3.0.202107141111\\db\/plugins/mcufinder/images/
2022-11-04 19:16:46,922 [INFO] DbBoards:264 - Set plugin images path to: D:\programs\STM32CubeIDE_1.7.0\STM32CubeIDE\plugins\com.st.stm32cube.common.mx_6.3.0.202107141111\\db\/plugins/mcufinder/images/
2022-11-04 19:16:46,925 [INFO] DbExamples:333 - Set plugin images path to: D:\programs\STM32CubeIDE_1.7.0\STM32CubeIDE\plugins\com.st.stm32cube.common.mx_6.3.0.202107141111\\db\/plugins/mcufinder/images/
2022-11-04 19:16:46,935 [INFO] DbMcusAds:119 - Set database path to: C:\Users\MINH\.stmcufinder\plugins\mcufinder//mcu/
2022-11-04 19:16:46,936 [INFO] DbMcusDocs:110 - Set database path to: C:\Users\MINH\.stmcufinder\plugins\mcufinder//mcu/
2022-11-04 19:16:46,938 [INFO] DbMcusJson:64 - Set database path to: C:\Users\MINH\.stmcufinder\plugins\mcufinder//mcu/
2022-11-04 19:16:46,939 [INFO] DbBoardsDocs:110 - Set database path to: C:\Users\MINH\.stmcufinder\plugins\mcufinder//mcu/
2022-11-04 19:16:46,940 [INFO] DbBoardsJson:57 - Set database path to: C:\Users\MINH\.stmcufinder\plugins\mcufinder//mcu/
2022-11-04 19:16:47,321 [INFO] CrossReferenceDbSqlite:196 - Set database path to: C:\Users\MINH\.stmcufinder\plugins\mcufinder//mcu/cs/
2022-11-04 19:16:47,326 [INFO] DbExamplesSqlite:767 - Set database path to: C:\Users\MINH\.stmcufinder\plugins\mcufinder//mcu/
2022-11-04 19:16:47,417 [INFO] RulesReader:57 - Compatibility file has been processed (242 Rules)
2022-11-04 19:16:47,501 [INFO] DbMcusXml:74 - Set database path to: D:\programs\STM32CubeIDE_1.7.0\STM32CubeIDE\plugins\com.st.stm32cube.common.mx_6.3.0.202107141111\\db\/mcu/
2022-11-04 19:16:47,501 [INFO] DbBoardsPdsc:56 - Set plugin database path to: D:\programs\STM32CubeIDE_1.7.0\STM32CubeIDE\plugins\com.st.stm32cube.common.mx_6.3.0.202107141111\\db\/plugins/boardmanager/
2022-11-04 19:16:47,502 [INFO] DbMcus:258 - Set plugin images path to: D:\programs\STM32CubeIDE_1.7.0\STM32CubeIDE\plugins\com.st.stm32cube.common.mx_6.3.0.202107141111\\db\/plugins/mcufinder/images/
2022-11-04 19:16:47,502 [INFO] DbBoards:264 - Set plugin images path to: D:\programs\STM32CubeIDE_1.7.0\STM32CubeIDE\plugins\com.st.stm32cube.common.mx_6.3.0.202107141111\\db\/plugins/mcufinder/images/
2022-11-04 19:16:47,502 [INFO] DbExamples:333 - Set plugin images path to: D:\programs\STM32CubeIDE_1.7.0\STM32CubeIDE\plugins\com.st.stm32cube.common.mx_6.3.0.202107141111\\db\/plugins/mcufinder/images/
2022-11-04 19:16:47,502 [WARN] DbFile:35 - Overriding database path with different value: C:\Users\MINH\.stmcufinder\plugins\mcufinder/ => C:\Users\MINH\.stmcufinder\plugins\mcufinder
2022-11-04 19:16:47,502 [INFO] DbMcusAds:119 - Set database path to: C:\Users\MINH\.stmcufinder\plugins\mcufinder//mcu/
2022-11-04 19:16:47,502 [WARN] DbFile:35 - Overriding database path with different value: C:\Users\MINH\.stmcufinder\plugins\mcufinder/ => C:\Users\MINH\.stmcufinder\plugins\mcufinder
2022-11-04 19:16:47,502 [INFO] DbMcusDocs:110 - Set database path to: C:\Users\MINH\.stmcufinder\plugins\mcufinder//mcu/
2022-11-04 19:16:47,502 [WARN] DbFile:35 - Overriding database path with different value: C:\Users\MINH\.stmcufinder\plugins\mcufinder/ => C:\Users\MINH\.stmcufinder\plugins\mcufinder
2022-11-04 19:16:47,502 [INFO] DbMcusJson:64 - Set database path to: C:\Users\MINH\.stmcufinder\plugins\mcufinder//mcu/
2022-11-04 19:16:47,503 [WARN] DbFile:35 - Overriding database path with different value: C:\Users\MINH\.stmcufinder\plugins\mcufinder/ => C:\Users\MINH\.stmcufinder\plugins\mcufinder
2022-11-04 19:16:47,503 [INFO] DbBoardsDocs:110 - Set database path to: C:\Users\MINH\.stmcufinder\plugins\mcufinder//mcu/
2022-11-04 19:16:47,503 [WARN] DbFile:35 - Overriding database path with different value: C:\Users\MINH\.stmcufinder\plugins\mcufinder/ => C:\Users\MINH\.stmcufinder\plugins\mcufinder
2022-11-04 19:16:47,503 [INFO] DbBoardsJson:57 - Set database path to: C:\Users\MINH\.stmcufinder\plugins\mcufinder//mcu/
2022-11-04 19:16:47,503 [WARN] DbFile:35 - Overriding database path with different value: C:\Users\MINH\.stmcufinder\plugins\mcufinder/ => C:\Users\MINH\.stmcufinder\plugins\mcufinder
2022-11-04 19:16:47,503 [WARN] DbFile:35 - Overriding database path with different value: C:\Users\MINH\.stmcufinder\plugins\mcufinder/ => C:\Users\MINH\.stmcufinder\plugins\mcufinder
2022-11-04 19:16:47,503 [INFO] CrossReferenceDbSqlite:196 - Set database path to: C:\Users\MINH\.stmcufinder\plugins\mcufinder//mcu/cs/
2022-11-04 19:16:47,503 [WARN] DbFile:35 - Overriding database path with different value: C:\Users\MINH\.stmcufinder\plugins\mcufinder/ => C:\Users\MINH\.stmcufinder\plugins\mcufinder
2022-11-04 19:16:47,503 [INFO] DbExamplesSqlite:767 - Set database path to: C:\Users\MINH\.stmcufinder\plugins\mcufinder//mcu/
2022-11-04 19:16:47,566 [INFO] MainPanel:214 - HeapMemory: 268435456
2022-11-04 19:16:47,652 [INFO] DbMcusXml:74 - Set database path to: D:\programs\STM32CubeIDE_1.7.0\STM32CubeIDE\plugins\com.st.stm32cube.common.mx_6.3.0.202107141111\\db\/mcu/
2022-11-04 19:16:47,652 [INFO] DbBoardsPdsc:56 - Set plugin database path to: D:\programs\STM32CubeIDE_1.7.0\STM32CubeIDE\plugins\com.st.stm32cube.common.mx_6.3.0.202107141111\\db\/plugins/boardmanager/
2022-11-04 19:16:47,652 [INFO] DbMcus:258 - Set plugin images path to: D:\programs\STM32CubeIDE_1.7.0\STM32CubeIDE\plugins\com.st.stm32cube.common.mx_6.3.0.202107141111\\db\/plugins/mcufinder/images/
2022-11-04 19:16:47,652 [INFO] DbBoards:264 - Set plugin images path to: D:\programs\STM32CubeIDE_1.7.0\STM32CubeIDE\plugins\com.st.stm32cube.common.mx_6.3.0.202107141111\\db\/plugins/mcufinder/images/
2022-11-04 19:16:47,652 [INFO] DbExamples:333 - Set plugin images path to: D:\programs\STM32CubeIDE_1.7.0\STM32CubeIDE\plugins\com.st.stm32cube.common.mx_6.3.0.202107141111\\db\/plugins/mcufinder/images/
2022-11-04 19:16:47,652 [WARN] DbFile:35 - Overriding database path with different value: C:\Users\MINH\.stmcufinder\plugins\mcufinder/ => C:\Users\MINH\.stmcufinder\plugins\mcufinder
2022-11-04 19:16:47,653 [INFO] DbMcusAds:119 - Set database path to: C:\Users\MINH\.stmcufinder\plugins\mcufinder//mcu/
2022-11-04 19:16:47,653 [WARN] DbFile:35 - Overriding database path with different value: C:\Users\MINH\.stmcufinder\plugins\mcufinder/ => C:\Users\MINH\.stmcufinder\plugins\mcufinder
2022-11-04 19:16:47,653 [INFO] DbMcusDocs:110 - Set database path to: C:\Users\MINH\.stmcufinder\plugins\mcufinder//mcu/
2022-11-04 19:16:47,653 [WARN] DbFile:35 - Overriding database path with different value: C:\Users\MINH\.stmcufinder\plugins\mcufinder/ => C:\Users\MINH\.stmcufinder\plugins\mcufinder
2022-11-04 19:16:47,653 [INFO] DbMcusJson:64 - Set database path to: C:\Users\MINH\.stmcufinder\plugins\mcufinder//mcu/
2022-11-04 19:16:47,653 [WARN] DbFile:35 - Overriding database path with different value: C:\Users\MINH\.stmcufinder\plugins\mcufinder/ => C:\Users\MINH\.stmcufinder\plugins\mcufinder
2022-11-04 19:16:47,653 [INFO] DbBoardsDocs:110 - Set database path to: C:\Users\MINH\.stmcufinder\plugins\mcufinder//mcu/
2022-11-04 19:16:47,653 [WARN] DbFile:35 - Overriding database path with different value: C:\Users\MINH\.stmcufinder\plugins\mcufinder/ => C:\Users\MINH\.stmcufinder\plugins\mcufinder
2022-11-04 19:16:47,653 [INFO] DbBoardsJson:57 - Set database path to: C:\Users\MINH\.stmcufinder\plugins\mcufinder//mcu/
2022-11-04 19:16:47,653 [WARN] DbFile:35 - Overriding database path with different value: C:\Users\MINH\.stmcufinder\plugins\mcufinder/ => C:\Users\MINH\.stmcufinder\plugins\mcufinder
2022-11-04 19:16:47,653 [WARN] DbFile:35 - Overriding database path with different value: C:\Users\MINH\.stmcufinder\plugins\mcufinder/ => C:\Users\MINH\.stmcufinder\plugins\mcufinder
2022-11-04 19:16:47,653 [INFO] CrossReferenceDbSqlite:196 - Set database path to: C:\Users\MINH\.stmcufinder\plugins\mcufinder//mcu/cs/
2022-11-04 19:16:47,654 [WARN] DbFile:35 - Overriding database path with different value: C:\Users\MINH\.stmcufinder\plugins\mcufinder/ => C:\Users\MINH\.stmcufinder\plugins\mcufinder
2022-11-04 19:16:47,654 [INFO] DbExamplesSqlite:767 - Set database path to: C:\Users\MINH\.stmcufinder\plugins\mcufinder//mcu/
2022-11-04 19:16:47,671 [INFO] ApplicationProperties:181 - Using Application install path: D:\programs\STM32CubeIDE_1.7.0\STM32CubeIDE\plugins\com.st.stm32cube.common.mx_6.3.0.202107141111
2022-11-04 19:16:47,672 [INFO] PluginManage:188 - Search for loadable plugins [exclusion list=, ]
2022-11-04 19:16:47,673 [INFO] PluginManage:302 - Check plugin analytics
2022-11-04 19:16:52,422 [INFO] AnalyticsPlugin:257 - Accepted Software Licenses: 
2022-11-04 19:16:52,423 [INFO] AnalyticsPlugin:259 - Accepted CMSIS Pack Licenses: 
2022-11-04 19:16:52,423 [INFO] AnalyticsPlugin:261 - Accepted Firmware Licenses: 
2022-11-04 19:16:52,423 [INFO] PluginManage:352 - Loaded plugin analytics (category:tool,tabindex:-1)
2022-11-04 19:16:52,423 [INFO] PluginManage:302 - Check plugin clock
2022-11-04 19:16:52,443 [INFO] PluginManage:352 - Loaded plugin clock (category:base,tabindex:2)
2022-11-04 19:16:52,443 [INFO] PluginManage:302 - Check plugin ddr
2022-11-04 19:16:52,446 [INFO] PluginManage:352 - Loaded plugin ddr (category:tool,tabindex:6)
2022-11-04 19:16:52,446 [INFO] PluginManage:302 - Check plugin filemanager
2022-11-04 19:16:52,630 [INFO] PluginManage:352 - Loaded plugin filemanager (category:base,tabindex:10)
2022-11-04 19:16:52,630 [INFO] PluginManage:302 - Check plugin ipmanager
2022-11-04 19:16:52,638 [INFO] PluginManage:352 - Loaded plugin ipmanager (category:base,tabindex:5)
2022-11-04 19:16:52,638 [INFO] PluginManage:302 - Check plugin pinoutandconfiguration
2022-11-04 19:16:52,655 [INFO] PluginManage:352 - Loaded plugin pinoutandconfiguration (category:base,tabindex:1)
2022-11-04 19:16:52,655 [INFO] PluginManage:302 - Check plugin pinoutconfig
2022-11-04 19:16:52,691 [INFO] PluginManage:352 - Loaded plugin pinoutconfig (category:base,tabindex:0)
2022-11-04 19:16:52,691 [INFO] PluginManage:302 - Check plugin power
2022-11-04 19:16:52,711 [INFO] PluginManage:352 - Loaded plugin power (category:power,tabindex:4)
2022-11-04 19:16:52,711 [INFO] PluginManage:302 - Check plugin projectmanager
2022-11-04 19:16:52,725 [INFO] PluginManage:352 - Loaded plugin projectmanager (category:projectmanager,tabindex:3)
2022-11-04 19:16:52,725 [INFO] PluginManage:302 - Check plugin thirdparty
2022-11-04 19:16:53,006 [INFO] PluginManage:352 - Loaded plugin thirdparty (category:base,tabindex:-1)
2022-11-04 19:16:53,007 [WARN] IntegrityCheckThread:78 - waiting for thirdparty lock release [integrity check]
2022-11-04 19:16:53,007 [INFO] PluginManage:302 - Check plugin tools
2022-11-04 19:16:53,008 [INFO] IntegrityCheckThread:80 - entering critical section [integrity check]
2022-11-04 19:16:53,011 [INFO] ThirdPartyUpdaterWithRetryManager:66 - Updater plugin not ready yet. [1/15]
2022-11-04 19:16:53,116 [INFO] PluginManage:352 - Loaded plugin tools (category:base,tabindex:7)
2022-11-04 19:16:53,116 [INFO] PluginManage:302 - Check plugin tutovideos
2022-11-04 19:16:53,524 [INFO] PluginManage:352 - Loaded plugin tutovideos (category:base,tabindex:-1)
2022-11-04 19:16:53,525 [INFO] PluginManage:302 - Check plugin updater
2022-11-04 19:16:53,538 [INFO] PluginManage:352 - Loaded plugin updater (category:base,tabindex:12)
2022-11-04 19:16:53,538 [INFO] PluginManage:275 - PluginManage : Loaded plugins [13]
2022-11-04 19:16:53,787 [INFO] PinOutPanel:1463 - setPackage(No Configuration,No Configuration)
2022-11-04 19:16:53,947 [INFO] IPUIPlugin:74 - create IPUIPlugin
2022-11-04 19:16:53,947 [INFO] PluginManager:213 - loadIPPluginJar : add adc
2022-11-04 19:16:54,000 [INFO] IPUIPlugin:74 - create IPUIPlugin
2022-11-04 19:16:54,001 [INFO] PluginManager:213 - loadIPPluginJar : add aes
2022-11-04 19:16:54,070 [INFO] IPUIPlugin:74 - create IPUIPlugin
2022-11-04 19:16:54,070 [INFO] PluginManager:213 - loadIPPluginJar : add can
2022-11-04 19:16:54,097 [INFO] IPUIPlugin:74 - create IPUIPlugin
2022-11-04 19:16:54,098 [INFO] PluginManager:213 - loadIPPluginJar : add comp
2022-11-04 19:16:54,133 [INFO] IPUIPlugin:74 - create IPUIPlugin
2022-11-04 19:16:54,133 [INFO] PluginManager:213 - loadIPPluginJar : add cryp
2022-11-04 19:16:54,167 [INFO] IPUIPlugin:74 - create IPUIPlugin
2022-11-04 19:16:54,168 [INFO] PluginManager:213 - loadIPPluginJar : add dfsdm
2022-11-04 19:16:54,179 [INFO] IPUIPlugin:74 - create IPUIPlugin
2022-11-04 19:16:54,180 [INFO] PluginManager:213 - loadIPPluginJar : add dma
2022-11-04 19:16:54,218 [INFO] IPUIPlugin:74 - create IPUIPlugin
2022-11-04 19:16:54,218 [INFO] PluginManager:213 - loadIPPluginJar : add dma3
2022-11-04 19:16:54,241 [INFO] IPUIPlugin:74 - create IPUIPlugin
2022-11-04 19:16:54,241 [INFO] PluginManager:213 - loadIPPluginJar : add fatfs
2022-11-04 19:16:54,284 [INFO] IPUIPlugin:74 - create IPUIPlugin
2022-11-04 19:16:54,285 [INFO] PluginManager:213 - loadIPPluginJar : add fmc
2022-11-04 19:16:54,298 [INFO] IPUIPlugin:74 - create IPUIPlugin
2022-11-04 19:16:54,299 [INFO] PluginManager:213 - loadIPPluginJar : add freertos
2022-11-04 19:16:54,321 [INFO] IPUIPlugin:74 - create IPUIPlugin
2022-11-04 19:16:54,322 [INFO] PluginManager:213 - loadIPPluginJar : add genericplugin
2022-11-04 19:16:54,402 [INFO] IPUIPlugin:74 - create IPUIPlugin
2022-11-04 19:16:54,402 [INFO] PluginManager:213 - loadIPPluginJar : add gfxmmu
2022-11-04 19:16:54,548 [INFO] IPUIPlugin:74 - create IPUIPlugin
2022-11-04 19:16:54,549 [INFO] PluginManager:213 - loadIPPluginJar : add gic
2022-11-04 19:16:54,560 [INFO] IPUIPlugin:74 - create IPUIPlugin
2022-11-04 19:16:54,560 [INFO] PluginManager:213 - loadIPPluginJar : add gpio
2022-11-04 19:16:54,621 [INFO] IPUIPlugin:74 - create IPUIPlugin
2022-11-04 19:16:54,621 [INFO] PluginManager:213 - loadIPPluginJar : add gtzc
2022-11-04 19:16:54,648 [INFO] IPUIPlugin:74 - create IPUIPlugin
2022-11-04 19:16:54,648 [INFO] PluginManager:213 - loadIPPluginJar : add hash
2022-11-04 19:16:54,694 [INFO] IPUIPlugin:74 - create IPUIPlugin
2022-11-04 19:16:54,694 [INFO] PluginManager:213 - loadIPPluginJar : add i2c
2022-11-04 19:16:54,732 [INFO] IPUIPlugin:74 - create IPUIPlugin
2022-11-04 19:16:54,733 [INFO] PluginManager:213 - loadIPPluginJar : add i2s
2022-11-04 19:16:54,743 [INFO] IPUIPlugin:74 - create IPUIPlugin
2022-11-04 19:16:54,743 [INFO] PluginManager:213 - loadIPPluginJar : add ipddr
2022-11-04 19:16:54,818 [INFO] IPUIPlugin:74 - create IPUIPlugin
2022-11-04 19:16:54,819 [INFO] PluginManager:213 - loadIPPluginJar : add linkedlist
2022-11-04 19:16:54,851 [INFO] IPUIPlugin:74 - create IPUIPlugin
2022-11-04 19:16:54,851 [INFO] PluginManager:213 - loadIPPluginJar : add lorawan
2022-11-04 19:16:54,886 [INFO] IPUIPlugin:74 - create IPUIPlugin
2022-11-04 19:16:54,886 [INFO] PluginManager:213 - loadIPPluginJar : add ltdc
2022-11-04 19:16:54,897 [INFO] IPUIPlugin:74 - create IPUIPlugin
2022-11-04 19:16:54,897 [INFO] PluginManager:213 - loadIPPluginJar : add mdma
2022-11-04 19:16:54,908 [INFO] IPUIPlugin:74 - create IPUIPlugin
2022-11-04 19:16:54,908 [INFO] PluginManager:213 - loadIPPluginJar : add nvic
2022-11-04 19:16:54,940 [INFO] IPUIPlugin:74 - create IPUIPlugin
2022-11-04 19:16:54,941 [INFO] PluginManager:213 - loadIPPluginJar : add opamp
2022-11-04 19:16:54,993 [INFO] IPUIPlugin:74 - create IPUIPlugin
2022-11-04 19:16:54,993 [INFO] PluginManager:213 - loadIPPluginJar : add openamp
2022-11-04 19:16:55,032 [INFO] IPUIPlugin:74 - create IPUIPlugin
2022-11-04 19:16:55,032 [INFO] PluginManager:213 - loadIPPluginJar : add pdm2pcm
2022-11-04 19:16:55,046 [INFO] IPUIPlugin:74 - create IPUIPlugin
2022-11-04 19:16:55,049 [INFO] PluginManager:213 - loadIPPluginJar : add plateformsettings
2022-11-04 19:16:55,072 [INFO] IPUIPlugin:74 - create IPUIPlugin
2022-11-04 19:16:55,072 [INFO] PluginManager:213 - loadIPPluginJar : add quadspi
2022-11-04 19:16:55,083 [INFO] IPUIPlugin:74 - create IPUIPlugin
2022-11-04 19:16:55,083 [INFO] PluginManager:213 - loadIPPluginJar : add resmgrutility
2022-11-04 19:16:55,142 [INFO] IPUIPlugin:74 - create IPUIPlugin
2022-11-04 19:16:55,142 [INFO] PluginManager:213 - loadIPPluginJar : add sai
2022-11-04 19:16:55,190 [INFO] IPUIPlugin:74 - create IPUIPlugin
2022-11-04 19:16:55,191 [INFO] PluginManager:213 - loadIPPluginJar : add spi
2022-11-04 19:16:55,269 [INFO] IPUIPlugin:74 - create IPUIPlugin
2022-11-04 19:16:55,270 [INFO] PluginManager:213 - loadIPPluginJar : add stm32_wpan
2022-11-04 19:16:55,298 [INFO] IPUIPlugin:74 - create IPUIPlugin
2022-11-04 19:16:55,299 [INFO] PluginManager:213 - loadIPPluginJar : add tim
2022-11-04 19:16:55,358 [INFO] IPUIPlugin:74 - create IPUIPlugin
2022-11-04 19:16:55,358 [INFO] PluginManager:213 - loadIPPluginJar : add touchsensing
2022-11-04 19:16:55,383 [INFO] IPUIPlugin:74 - create IPUIPlugin
2022-11-04 19:16:55,383 [INFO] PluginManager:213 - loadIPPluginJar : add tracer_emb
2022-11-04 19:16:55,413 [INFO] IPUIPlugin:74 - create IPUIPlugin
2022-11-04 19:16:55,413 [INFO] PluginManager:213 - loadIPPluginJar : add ts
2022-11-04 19:16:55,438 [INFO] IPUIPlugin:74 - create IPUIPlugin
2022-11-04 19:16:55,438 [INFO] PluginManager:213 - loadIPPluginJar : add tsc
2022-11-04 19:16:55,461 [INFO] IPUIPlugin:74 - create IPUIPlugin
2022-11-04 19:16:55,461 [INFO] PluginManager:213 - loadIPPluginJar : add ucpd
2022-11-04 19:16:55,503 [INFO] IPUIPlugin:74 - create IPUIPlugin
2022-11-04 19:16:55,504 [INFO] PluginManager:213 - loadIPPluginJar : add usart
2022-11-04 19:16:55,539 [INFO] IPUIPlugin:74 - create IPUIPlugin
2022-11-04 19:16:55,540 [INFO] PluginManager:213 - loadIPPluginJar : add usbx
2022-11-04 19:16:55,918 [FATAL] Updater:294 - Updater called before beeing initialized
2022-11-04 19:16:56,021 [INFO] ThirdPartyUpdaterWithRetryManager:66 - Updater plugin not ready yet. [2/15]
2022-11-04 19:16:56,045 [FATAL] Updater:294 - Updater called before beeing initialized
2022-11-04 19:16:56,051 [INFO] DbMcusAds:47 - JSON generation date=Thu Sep 30 13:56:37 ICT 2021 (1632984997303)
2022-11-04 19:16:56,051 [FATAL] Updater:294 - Updater called before beeing initialized
2022-11-04 19:16:56,132 [WARN] DetailPanel:314 - Failed to get advertising image, set to default
2022-11-04 19:16:56,304 [FATAL] Updater:294 - Updater called before beeing initialized
2022-11-04 19:16:56,307 [FATAL] Updater:294 - Updater called before beeing initialized
2022-11-04 19:16:56,308 [FATAL] Updater:294 - Updater called before beeing initialized
2022-11-04 19:16:56,308 [WARN] DetailPanel:314 - Failed to get advertising image, set to default
2022-11-04 19:16:56,309 [FATAL] Updater:294 - Updater called before beeing initialized
2022-11-04 19:16:56,372 [ERROR] Updater:1075 - MainUpdater not yet initialized. External WinMGr cannot be set.
2022-11-04 19:16:56,380 [INFO] Updater:1012 - Updater Version found : 6.3.0
2022-11-04 19:16:56,410 [INFO] ApplicationProperties:181 - Using Application install path: D:\programs\STM32CubeIDE_1.7.0\STM32CubeIDE\plugins\com.st.stm32cube.common.mx_6.3.0.202107141111
2022-11-04 19:16:58,507 [WARN] ServerAccessManage:1053 - Warning during Server Connexion :  timeout connect timed out
2022-11-04 19:16:59,036 [FATAL] Updater:294 - Updater called before beeing initialized
2022-11-04 19:16:59,036 [ERROR] IntegrityCheckThread:124 - Cannot retrieve database content from updater: error 21
2022-11-04 19:16:59,036 [INFO] ThirdParty:915 - Integrity check success = false
2022-11-04 19:16:59,036 [INFO] IntegrityCheckThread:94 - exiting critical section [integrity check]
2022-11-04 19:16:59,036 [INFO] IntegrityCheckThread:97 - End integrity checks thread
2022-11-04 19:17:00,513 [WARN] ServerAccessManage:1053 - Warning during Server Connexion :  timeout connect timed out
2022-11-04 19:17:05,775 [INFO] MainUpdater:2671 - connection check result : 10
2022-11-04 19:17:05,775 [INFO] MainUpdater:3359 - Updater definition file requires update
2022-11-04 19:17:05,777 [INFO] MainUpdater:265 - Updater Check For Update Now.
2022-11-04 19:17:05,777 [INFO] MicroXplorer:478 - Change Database Version : DB.6.0.30
2022-11-04 19:17:06,997 [INFO] ServerAccessManage:362 - Download File updaters.zip
2022-11-04 19:17:07,609 [INFO] FileExtend:235 - Unzip File : updaters.zip
2022-11-04 19:17:07,609 [INFO] FileExtend:250 - Standard Zip Deflate
2022-11-04 19:17:08,841 [INFO] ServerAccessManage:362 - Download File PacksControlFlags.xml
2022-11-04 19:17:09,256 [INFO] ServerAccessManage:362 - Download File cubemx.pidx
2022-11-04 19:17:10,305 [INFO] ServerAccessManage:362 - Download File STMicroelectronics.X-CUBE-ISPU.pdsc
2022-11-04 19:17:12,241 [WARN] PackLoader:238 - Cannot read IP mode file for STMicroelectronics.X-CUBE-ISPU.1.1.0
2022-11-04 19:17:12,243 [INFO] PopulateThirdPartyThread:60 - Ending populate Thread
2022-11-04 19:17:12,244 [INFO] ThirdParty:967 - CMSIS Pack Vendor :STMicroelectronics X-CUBE-ISPU 1.1.0
2022-11-04 19:17:12,245 [INFO] LoadServerUpdatesThread:339 - End of LoadServerUpdate Thread
2022-11-04 19:17:12,344 [INFO] CheckServerUpdateThread:112 - End of CheckServer Thread
2022-11-04 19:17:12,389 [INFO] MainUpdater:2671 - connection check result : 10
2022-11-04 19:17:12,406 [INFO] McuFinderGlobals:52 - Set McuFinderConnectedMode to true
2022-11-04 19:17:12,574 [INFO] ServerAccessManage:362 - Download File mcusAds.json._tmp_
2022-11-04 19:17:12,698 [INFO] LoadUrlFilesThread:145 - End of LoadUrlFiles Thread
2022-11-04 19:17:13,439 [INFO] ServerAccessManage:362 - Download File mcusDocs.json._tmp_
2022-11-04 19:17:14,251 [INFO] LoadUrlFilesThread:145 - End of LoadUrlFiles Thread
2022-11-04 19:17:14,508 [INFO] ServerAccessManage:362 - Download File mcusFeaturesAndDescription.json._tmp_
2022-11-04 19:17:17,450 [INFO] LoadUrlFilesThread:145 - End of LoadUrlFiles Thread
2022-11-04 19:17:17,727 [INFO] ServerAccessManage:362 - Download File boardsDocs.json._tmp_
2022-11-04 19:17:17,888 [INFO] LoadUrlFilesThread:145 - End of LoadUrlFiles Thread
2022-11-04 19:17:18,138 [INFO] ServerAccessManage:362 - Download File boards.json._tmp_
2022-11-04 19:17:18,485 [INFO] LoadUrlFilesThread:145 - End of LoadUrlFiles Thread
2022-11-04 19:17:20,388 [INFO] ServerAccessManage:362 - Download File cube-finder-db.zip
2022-11-04 19:17:29,082 [INFO] FileExtend:235 - Unzip File : cube-finder-db.zip
2022-11-04 19:17:29,082 [INFO] FileExtend:250 - Standard Zip Deflate
2022-11-04 19:17:29,734 [INFO] LoadUrlFilesThread:145 - End of LoadUrlFiles Thread
2022-11-04 19:17:30,916 [INFO] ServerAccessManage:362 - Download File crdb.zip
2022-11-04 19:17:32,594 [INFO] FileExtend:235 - Unzip File : crdb.zip
2022-11-04 19:17:32,594 [INFO] FileExtend:250 - Standard Zip Deflate
2022-11-04 19:17:32,728 [INFO] LoadUrlFilesThread:145 - End of LoadUrlFiles Thread
2022-11-04 19:17:33,176 [INFO] ServerAccessManage:362 - Download File tutoVideoDB.zip
2022-11-04 19:17:33,284 [INFO] FileExtend:235 - Unzip File : tutoVideoDB.zip
2022-11-04 19:17:33,284 [INFO] FileExtend:250 - Standard Zip Deflate
2022-11-04 19:17:33,412 [INFO] LoadUrlFilesThread:145 - End of LoadUrlFiles Thread
2022-11-04 19:17:33,413 [INFO] DbMcusAds:47 - JSON generation date=Thu Sep 30 13:56:37 ICT 2021 (1632984997303)
2022-11-04 19:17:33,429 [INFO] DbMcusDocs:143 - JSON generation date=Tue Nov 16 23:17:54 ICT 2021 (1637079474)
2022-11-04 19:17:33,430 [INFO] DbMcusXml:100 - Load MCU database from D:\programs\STM32CubeIDE_1.7.0\STM32CubeIDE\plugins\com.st.stm32cube.common.mx_6.3.0.202107141111\\db\/mcu/families.xml
2022-11-04 19:17:34,199 [INFO] DbMcusJson:93 - JSON generation date=Tue Nov 16 23:17:54 ICT 2021 (1637079474)
2022-11-04 19:17:34,819 [INFO] DbMcus:175 - Found 1951 MCUs (1903 are supported by CubeMX, 1914 are visible in CubeMX)
2022-11-04 19:17:34,824 [INFO] ApiDb:251 - Load user favorites file C:\Users\MINH/.stm32cubeide/favorites.mcus.txt: 1 item(s)
2022-11-04 19:17:34,824 [INFO] ApiDb:255 - User favorites MCUs=[STM32F103C6Ux]
2022-11-04 19:17:34,824 [INFO] DbMcus:187 - Set 1 / 1 favorites MCUs
2022-11-04 19:17:35,372 [INFO] DbMcusDocs:79 - Found 682 MCUs documents
2022-11-04 19:17:35,373 [INFO] ApiDb:276 - Save user favorites file C:\Users\MINH/.stm32cubeide/favorites.mcus.txt: 1 item(s)
2022-11-04 19:17:35,374 [INFO] ApiDb:280 - User favorites MCUs=[STM32F103C6Ux]
2022-11-04 19:17:35,374 [INFO] DbMcusXml:100 - Load MCU database from D:\programs\STM32CubeIDE_1.7.0\STM32CubeIDE\plugins\com.st.stm32cube.common.mx_6.3.0.202107141111\\db\/mcu/families.xml
2022-11-04 19:17:35,930 [INFO] DbMcusJson:93 - JSON generation date=Tue Nov 16 23:17:54 ICT 2021 (1637079474)
2022-11-04 19:17:36,547 [INFO] DbMcus:175 - Found 1951 MCUs (1903 are supported by CubeMX, 1914 are visible in CubeMX)
2022-11-04 19:17:36,548 [INFO] ApiDb:251 - Load user favorites file C:\Users\MINH/.stm32cubeide/favorites.mcus.txt: 1 item(s)
2022-11-04 19:17:36,548 [INFO] ApiDb:255 - User favorites MCUs=[STM32F103C6Ux]
2022-11-04 19:17:36,548 [INFO] DbMcus:187 - Set 1 / 1 favorites MCUs
2022-11-04 19:17:36,557 [INFO] DbBoardsDocs:143 - JSON generation date=Tue Nov 16 23:17:54 ICT 2021 (1637079474)
2022-11-04 19:17:36,584 [INFO] DbBoardsPdsc:90 - Found 25 items
2022-11-04 19:17:36,596 [INFO] DbBoardsPdsc:90 - Found 9 items
2022-11-04 19:17:36,610 [INFO] DbBoardsPdsc:90 - Found 33 items
2022-11-04 19:17:36,618 [INFO] DbBoardsPdsc:90 - Found 1 items
2022-11-04 19:17:36,634 [INFO] DbBoardsPdsc:90 - Found 48 items
2022-11-04 19:17:36,650 [INFO] DbBoardsPdsc:90 - Found 43 items
2022-11-04 19:17:36,660 [INFO] DbBoardsPdsc:90 - Found 2 items
2022-11-04 19:17:36,669 [INFO] DbBoardsPdsc:90 - Found 5 items
2022-11-04 19:17:36,676 [WARN] DbBoardsPdsc:254 - Board STM32H7B3I-DK: unknown feature type=Audio, name=, username=Audio stereo codec with Headphone Amp (CS42L51-CNZ), n=1
2022-11-04 19:17:36,677 [WARN] DbBoardsPdsc:254 - Board STM32H735G-DK: unknown feature type=Audio, name=, username=Audio stereo codec with Headphone Amp (WM8994ECS/R), n=1
2022-11-04 19:17:36,678 [WARN] DbBoardsPdsc:254 - Board STM32H7B3I-EVAL: unknown feature type=Audio, name=, username=Multi-Channel Audio Codec (CS42L51-CNZ), n=1
2022-11-04 19:17:36,678 [WARN] DbBoardsPdsc:254 - Board STM32H7B3I-EVAL: unknown feature type=Meter, name=, username=Power-metering and Temperature-monitoring with sigma-delta modulators, n=1
2022-11-04 19:17:36,678 [WARN] DbBoardsPdsc:254 - Board STM32H7B3I-EVAL: unknown feature type=Motor, name=, username=Motor Control, n=1
2022-11-04 19:17:36,679 [WARN] DbBoardsPdsc:254 - Board STM32U575I-EV: unknown feature type=joystick, name=, username=4-direction joystick with selection button, n=1
2022-11-04 19:17:36,733 [INFO] DbBoardsJson:86 - JSON generation date=Tue Nov 16 23:17:54 ICT 2021 (1637079474)
2022-11-04 19:17:36,745 [INFO] DbBoards:117 - Found 167 boards (163 are supported by CubeMX)
2022-11-04 19:17:36,748 [INFO] DbBoardsDocs:143 - JSON generation date=Tue Nov 16 23:17:54 ICT 2021 (1637079474)
2022-11-04 19:17:36,758 [INFO] DbBoardsDocs:79 - Found 209 boards documents
2022-11-04 19:17:36,761 [WARN] DbBoards:127 - board B-L475E-IOT01A2 has no document id list !
2022-11-04 19:17:36,762 [WARN] DbBoards:127 - board NUCLEO-H743ZI has no document id list !
2022-11-04 19:17:36,764 [WARN] DbBoards:127 - board NUCLEO-WL55JC2 has no document id list !
2022-11-04 19:17:36,764 [WARN] DbBoards:127 - board P-NUCLEO-WB55-Nucleo has no document id list !
2022-11-04 19:17:36,764 [WARN] DbBoards:127 - board P-NUCLEO-WB55-USBDongle has no document id list !
2022-11-04 19:17:36,764 [WARN] DbBoards:127 - board STEVAL-BFA001V1B has no document id list !
2022-11-04 19:17:36,764 [WARN] DbBoards:127 - board STEVAL-BFA001V2B has no document id list !
2022-11-04 19:17:36,765 [WARN] DbBoards:127 - board STEVAL-IDP005V1 has no document id list !
2022-11-04 19:17:36,765 [WARN] DbBoards:127 - board STEVAL-IDP005V2 has no document id list !
2022-11-04 19:17:36,765 [WARN] DbBoards:127 - board STEVAL-MKSBOX1V1 has no document id list !
2022-11-04 19:17:36,765 [WARN] DbBoards:127 - board STEVAL-STWINKT1 has no document id list !
2022-11-04 19:17:36,765 [WARN] DbBoards:127 - board STEVAL-STWINKT1B has no document id list !
2022-11-04 19:17:36,766 [WARN] DbBoards:127 - board STM32439I-EVAL2 has no document id list !
2022-11-04 19:17:36,766 [WARN] DbBoards:127 - board STM32F401C-DISCO has no document id list !
2022-11-04 19:17:36,767 [WARN] DbBoards:127 - board STM32F769I-DISC1 has no document id list !
2022-11-04 19:17:36,767 [WARN] DbBoards:127 - board STM32G474E-EVAL1 has no document id list !
2022-11-04 19:17:36,767 [WARN] DbBoards:127 - board STM32H743I-EVAL2 has no document id list !
2022-11-04 19:17:36,767 [WARN] DbBoards:127 - board STM32H747I-DISC1 has no document id list !
2022-11-04 19:17:36,768 [WARN] DbBoards:127 - board STM32H753I-EVAL2 has no document id list !
2022-11-04 19:17:36,768 [WARN] DbBoards:127 - board STM32L-DISCOVERY has no document id list !
2022-11-04 19:17:37,050 [ERROR] DbBoards:189 - Image file not found for board B-U585I-IOT02A: D:\programs\STM32CubeIDE_1.7.0\STM32CubeIDE\plugins\com.st.stm32cube.common.mx_6.3.0.202107141111\\db\/plugins/mcufinder/images/boards/B-U585I-IOT02A_small.jpg
2022-11-04 19:17:37,195 [ERROR] DbBoards:189 - Image file not found for board NUCLEO-F413ZH: D:\programs\STM32CubeIDE_1.7.0\STM32CubeIDE\plugins\com.st.stm32cube.common.mx_6.3.0.202107141111\\db\/plugins/mcufinder/images/boards/nucleo-f413zh_small.jpg
2022-11-04 19:17:37,411 [ERROR] DbBoards:189 - Image file not found for board NUCLEO-L552ZE-Q: D:\programs\STM32CubeIDE_1.7.0\STM32CubeIDE\plugins\com.st.stm32cube.common.mx_6.3.0.202107141111\\db\/plugins/mcufinder/images/boards/nucleo_l552ze_q_small.jpg
2022-11-04 19:17:37,411 [ERROR] DbBoards:189 - Image file not found for board NUCLEO-U575ZI-Q: D:\programs\STM32CubeIDE_1.7.0\STM32CubeIDE\plugins\com.st.stm32cube.common.mx_6.3.0.202107141111\\db\/plugins/mcufinder/images/boards/nucleo-u575zi-q_small.jpg
2022-11-04 19:17:37,411 [ERROR] DbBoards:189 - Image file not found for board NUCLEO-WB15CC: D:\programs\STM32CubeIDE_1.7.0\STM32CubeIDE\plugins\com.st.stm32cube.common.mx_6.3.0.202107141111\\db\/plugins/mcufinder/images/boards/nucleo-wb15cc_small.jpg
2022-11-04 19:17:37,411 [ERROR] DbBoards:189 - Image file not found for board NUCLEO-WB55RG: D:\programs\STM32CubeIDE_1.7.0\STM32CubeIDE\plugins\com.st.stm32cube.common.mx_6.3.0.202107141111\\db\/plugins/mcufinder/images/boards/nucleo-wb55rg_small.jpg
2022-11-04 19:17:38,933 [INFO] ApiDb:251 - Load user favorites file C:\Users\MINH/.stm32cubeide/favorites.boards.txt: 0 item(s)
2022-11-04 19:17:38,934 [INFO] ApiDb:255 - User favorites Boards=[]
2022-11-04 19:17:38,934 [INFO] DbBoards:206 - Set 0 / 0 favorites Boards
2022-11-04 19:17:38,939 [INFO] DbBoardsDocs:79 - Found 418 boards documents
2022-11-04 19:17:38,940 [INFO] ApiDb:276 - Save user favorites file C:\Users\MINH/.stm32cubeide/favorites.boards.txt: 0 item(s)
2022-11-04 19:17:38,940 [INFO] ApiDb:280 - User favorites Boards=[]
2022-11-04 19:17:38,943 [INFO] DbBoardsPdsc:90 - Found 25 items
2022-11-04 19:17:38,944 [INFO] DbBoardsPdsc:90 - Found 9 items
2022-11-04 19:17:38,947 [INFO] DbBoardsPdsc:90 - Found 33 items
2022-11-04 19:17:38,947 [INFO] DbBoardsPdsc:90 - Found 1 items
2022-11-04 19:17:38,953 [INFO] DbBoardsPdsc:90 - Found 48 items
2022-11-04 19:17:38,959 [INFO] DbBoardsPdsc:90 - Found 43 items
2022-11-04 19:17:38,960 [INFO] DbBoardsPdsc:90 - Found 2 items
2022-11-04 19:17:38,961 [INFO] DbBoardsPdsc:90 - Found 5 items
2022-11-04 19:17:38,963 [WARN] DbBoardsPdsc:254 - Board STM32H7B3I-DK: unknown feature type=Audio, name=, username=Audio stereo codec with Headphone Amp (CS42L51-CNZ), n=1
2022-11-04 19:17:38,963 [WARN] DbBoardsPdsc:254 - Board STM32H735G-DK: unknown feature type=Audio, name=, username=Audio stereo codec with Headphone Amp (WM8994ECS/R), n=1
2022-11-04 19:17:38,964 [WARN] DbBoardsPdsc:254 - Board STM32H7B3I-EVAL: unknown feature type=Audio, name=, username=Multi-Channel Audio Codec (CS42L51-CNZ), n=1
2022-11-04 19:17:38,964 [WARN] DbBoardsPdsc:254 - Board STM32H7B3I-EVAL: unknown feature type=Meter, name=, username=Power-metering and Temperature-monitoring with sigma-delta modulators, n=1
2022-11-04 19:17:38,964 [WARN] DbBoardsPdsc:254 - Board STM32H7B3I-EVAL: unknown feature type=Motor, name=, username=Motor Control, n=1
2022-11-04 19:17:38,965 [WARN] DbBoardsPdsc:254 - Board STM32U575I-EV: unknown feature type=joystick, name=, username=4-direction joystick with selection button, n=1
2022-11-04 19:17:38,984 [INFO] DbBoardsJson:86 - JSON generation date=Tue Nov 16 23:17:54 ICT 2021 (1637079474)
2022-11-04 19:17:38,990 [INFO] DbBoards:117 - Found 167 boards (163 are supported by CubeMX)
2022-11-04 19:17:38,991 [WARN] DbBoards:127 - board B-L475E-IOT01A2 has no document id list !
2022-11-04 19:17:39,009 [WARN] DbBoards:127 - board NUCLEO-H743ZI has no document id list !
2022-11-04 19:17:39,010 [WARN] DbBoards:127 - board NUCLEO-WL55JC2 has no document id list !
2022-11-04 19:17:39,010 [WARN] DbBoards:127 - board P-NUCLEO-WB55-Nucleo has no document id list !
2022-11-04 19:17:39,010 [WARN] DbBoards:127 - board P-NUCLEO-WB55-USBDongle has no document id list !
2022-11-04 19:17:39,010 [WARN] DbBoards:127 - board STEVAL-BFA001V1B has no document id list !
2022-11-04 19:17:39,010 [WARN] DbBoards:127 - board STEVAL-BFA001V2B has no document id list !
2022-11-04 19:17:39,010 [WARN] DbBoards:127 - board STEVAL-IDP005V1 has no document id list !
2022-11-04 19:17:39,010 [WARN] DbBoards:127 - board STEVAL-IDP005V2 has no document id list !
2022-11-04 19:17:39,010 [WARN] DbBoards:127 - board STEVAL-MKSBOX1V1 has no document id list !
2022-11-04 19:17:39,010 [WARN] DbBoards:127 - board STEVAL-STWINKT1 has no document id list !
2022-11-04 19:17:39,011 [WARN] DbBoards:127 - board STEVAL-STWINKT1B has no document id list !
2022-11-04 19:17:39,011 [WARN] DbBoards:127 - board STM32439I-EVAL2 has no document id list !
2022-11-04 19:17:39,011 [WARN] DbBoards:127 - board STM32F401C-DISCO has no document id list !
2022-11-04 19:17:39,011 [WARN] DbBoards:127 - board STM32F769I-DISC1 has no document id list !
2022-11-04 19:17:39,011 [WARN] DbBoards:127 - board STM32G474E-EVAL1 has no document id list !
2022-11-04 19:17:39,011 [WARN] DbBoards:127 - board STM32H743I-EVAL2 has no document id list !
2022-11-04 19:17:39,012 [WARN] DbBoards:127 - board STM32H747I-DISC1 has no document id list !
2022-11-04 19:17:39,012 [WARN] DbBoards:127 - board STM32H753I-EVAL2 has no document id list !
2022-11-04 19:17:39,012 [WARN] DbBoards:127 - board STM32L-DISCOVERY has no document id list !
2022-11-04 19:17:39,113 [ERROR] DbBoards:189 - Image file not found for board B-U585I-IOT02A: D:\programs\STM32CubeIDE_1.7.0\STM32CubeIDE\plugins\com.st.stm32cube.common.mx_6.3.0.202107141111\\db\/plugins/mcufinder/images/boards/B-U585I-IOT02A_small.jpg
2022-11-04 19:17:39,193 [ERROR] DbBoards:189 - Image file not found for board NUCLEO-F413ZH: D:\programs\STM32CubeIDE_1.7.0\STM32CubeIDE\plugins\com.st.stm32cube.common.mx_6.3.0.202107141111\\db\/plugins/mcufinder/images/boards/nucleo-f413zh_small.jpg
2022-11-04 19:17:39,362 [ERROR] DbBoards:189 - Image file not found for board NUCLEO-L552ZE-Q: D:\programs\STM32CubeIDE_1.7.0\STM32CubeIDE\plugins\com.st.stm32cube.common.mx_6.3.0.202107141111\\db\/plugins/mcufinder/images/boards/nucleo_l552ze_q_small.jpg
2022-11-04 19:17:39,362 [ERROR] DbBoards:189 - Image file not found for board NUCLEO-U575ZI-Q: D:\programs\STM32CubeIDE_1.7.0\STM32CubeIDE\plugins\com.st.stm32cube.common.mx_6.3.0.202107141111\\db\/plugins/mcufinder/images/boards/nucleo-u575zi-q_small.jpg
2022-11-04 19:17:39,362 [ERROR] DbBoards:189 - Image file not found for board NUCLEO-WB15CC: D:\programs\STM32CubeIDE_1.7.0\STM32CubeIDE\plugins\com.st.stm32cube.common.mx_6.3.0.202107141111\\db\/plugins/mcufinder/images/boards/nucleo-wb15cc_small.jpg
2022-11-04 19:17:39,362 [ERROR] DbBoards:189 - Image file not found for board NUCLEO-WB55RG: D:\programs\STM32CubeIDE_1.7.0\STM32CubeIDE\plugins\com.st.stm32cube.common.mx_6.3.0.202107141111\\db\/plugins/mcufinder/images/boards/nucleo-wb55rg_small.jpg
2022-11-04 19:17:40,139 [INFO] ApiDb:251 - Load user favorites file C:\Users\MINH/.stm32cubeide/favorites.boards.txt: 0 item(s)
2022-11-04 19:17:40,139 [INFO] ApiDb:255 - User favorites Boards=[]
2022-11-04 19:17:40,139 [INFO] DbBoards:206 - Set 0 / 0 favorites Boards
2022-11-04 19:17:40,148 [INFO] LoadUrlFilesThread:172 - End of LoadServerUrlFiles without Thread
2022-11-04 19:17:40,148 [INFO] TargetSelectorAdapter:224 - Refresh data is successful
2022-11-04 19:17:40,232 [INFO] ApiDb:479 - Connected to CubeFinder SQLite database (C:\Users\MINH\.stmcufinder\plugins\mcufinder\mcu\cube-finder-db.db)
2022-11-04 19:17:40,896 [INFO] DbExamplesSqlite:411 - Ignored 31 examples not supported by CubeIDE
2022-11-04 19:17:40,896 [INFO] DbExamplesSqlite:412 - Found 6197 examples active
2022-11-04 19:17:40,896 [INFO] DbExamplesSqlite:413 - Found 89 examples obsolete
2022-11-04 19:17:40,896 [INFO] DbExamplesSqlite:414 - Found 0 examples under development
2022-11-04 19:17:40,896 [INFO] DbExamplesSqlite:415 - Found 76 examples not building
2022-11-04 19:17:40,920 [INFO] DbExamplesSqlite:108 - CubeFinder database Data Model version=2.1
2022-11-04 19:17:40,921 [INFO] DbExamplesSqlite:109 - CubeFinder database Configuration version=3.0.32
2022-11-04 19:17:40,921 [INFO] DbExamplesSqlite:110 - CubeFinder database generation date=2022-08-05 (1659688109)
2022-11-04 19:17:40,921 [INFO] DbExamplesSqlite:111 - CubeFinder database FW Pack versions=[STM32Cube_FW_C0_V1.0.0, STM32Cube_FW_F4_V1.27.1, STM32Cube_FW_F7_V1.17.0, STM32Cube_FW_G0_V1.6.1, STM32Cube_FW_G4_V1.5.0, STM32Cube_FW_H7_V1.10.0, STM32Cube_FW_L5_V1.4.0, STM32Cube_FW_U5_V1.1.1, STM32Cube_FW_WB_V1.14.1, STM32Cube_FW_WL_V1.2.0, X-CUBE-ALGOBUILD_V1.3.0, X-CUBE-ALS_V1.0.1, X-CUBE-AZRTOS-F4_V1.1.0, X-CUBE-AZRTOS-F7_V1.1.0, X-CUBE-AZRTOS-G0_V1.1.0, X-CUBE-AZRTOS-G4_V1.0.0, X-CUBE-AZRTOS-H7_V2.1.0, X-CUBE-AZRTOS-L4_V1.0.0, X-CUBE-AZRTOS-L5_V1.0.0, X-CUBE-AZRTOS-WL_V1.0.0, X-CUBE-BLE1_V6.2.3, X-CUBE-BLE2_V3.3.0, X-CUBE-EEPRMA1_V3.1.1, X-CUBE-GNSS1_V6.0.0, X-CUBE-MEMS1_V9.1.0, X-CUBE-MEMS1_V9.3.0, X-CUBE-NFC4_V2.0.4, X-CUBE-NFC7_V1.0.0, X-CUBE-SFXS2LP1_V4.0.0, X-CUBE-SUBG2_V5.0.0]
2022-11-04 19:17:40,922 [INFO] DbExamples:130 - Found 6242 examples
2022-11-04 19:17:41,564 [ERROR] DbExamples:206 - Found 6242 examples with invalid data (board or MCU)
2022-11-04 19:17:41,564 [INFO] DbExamples:222 - Found 74 boards with related examples
2022-11-04 19:17:41,564 [INFO] DbExamples:235 - Found 0 MCUs with related examples
2022-11-04 19:17:41,589 [INFO] ApiDb:242 - User favorites file not found: C:\Users\MINH/.stm32cubeide/favorites.examples.txt
2022-11-04 19:17:41,590 [INFO] DbExamples:256 - Set 0 / 0 favorites Examples
2022-11-04 19:17:41,959 [INFO] McuFinderGlobals:52 - Set McuFinderConnectedMode to false
2022-11-04 19:17:42,060 [INFO] CrossSelectorPresenter:1330 - Cross Selector saved comparison directory: C:\Users\MINH\.stmcufinder\plugins\mcufinder\mcu\cs_comparisons_mx
2022-11-04 19:17:42,066 [INFO] MultiScanPanel:197 - Auto-refresh data requested => check proxy status ongoing
2022-11-04 19:17:42,066 [INFO] MultiScanPanel:201 - Proxy status is invalid
2022-11-04 19:17:42,069 [INFO] FinderPluginLoader:87 - Searching for filters in installed packs
2022-11-04 19:17:42,512 [INFO] DetailPanel:309 - Set advertising image to C:/Users/MINH/STM32Cube/Repository/\en.Prom_NBSTM32U50921.jpg
2022-11-04 19:18:11,369 [INFO] MainUpdater:2671 - connection check result : 10
2022-11-04 19:18:11,370 [INFO] MainUpdater:2671 - connection check result : 10
2022-11-04 19:18:11,431 [INFO] MicroXplorer:448 - Change Database Path : 
2022-11-04 19:18:11,431 [INFO] MicroXplorer:478 - Change Database Version : DB.6.0.30
2022-11-04 19:18:11,431 [WARN] ThirdParty:813 - waiting for thirdparty lock release [close project]
2022-11-04 19:18:11,431 [INFO] ThirdParty:815 - entering critical section [close project]
2022-11-04 19:18:11,432 [INFO] ThirdParty:825 - exiting critical section [close project]
2022-11-04 19:18:11,435 [INFO] PinOutPanel:1463 - setPackage(No Configuration,No Configuration)
2022-11-04 19:18:11,436 [INFO] UtilMem:74 - Begin LoadConfig() Used Memory: 615506616 Bytes (754974720)
2022-11-04 19:18:11,440 [INFO] MicroXplorer:448 - Change Database Path : 
2022-11-04 19:18:11,440 [INFO] MicroXplorer:478 - Change Database Version : DB.6.0.30
2022-11-04 19:18:11,440 [INFO] OpenFileManager:313 - Change cursor
2022-11-04 19:18:11,450 [WARN] IntegrityCheckThread:78 - waiting for thirdparty lock release [integrity check]
2022-11-04 19:18:11,450 [INFO] IntegrityCheckThread:80 - entering critical section [integrity check]
2022-11-04 19:18:11,620 [WARN] PackLoader:238 - Cannot read IP mode file for STMicroelectronics.X-CUBE-GNSS1.6.0.0
2022-11-04 19:18:11,668 [WARN] PackLoader:238 - Cannot read IP mode file for STMicroelectronics.X-CUBE-AZRTOS-F4.1.1.0
2022-11-04 19:18:11,700 [WARN] PackLoader:238 - Cannot read IP mode file for STMicroelectronics.X-CUBE-BLEMGR.1.2.0
2022-11-04 19:18:11,736 [WARN] PackLoader:238 - Cannot read IP mode file for STMicroelectronics.X-CUBE-AZRTOS-F7.1.1.0
2022-11-04 19:18:11,749 [WARN] PackLoader:238 - Cannot read IP mode file for STMicroelectronics.X-CUBE-BLE1.6.2.3
2022-11-04 19:18:11,761 [WARN] PackLoader:238 - Cannot read IP mode file for STMicroelectronics.X-CUBE-NFC4.2.0.4
2022-11-04 19:18:11,780 [WARN] PackLoader:238 - Cannot read IP mode file for STMicroelectronics.X-CUBE-TOF1.3.1.0
2022-11-04 19:18:11,833 [WARN] PackLoader:238 - Cannot read IP mode file for wolfSSL.I-CUBE-wolfSSL.5.5.0
2022-11-04 19:18:11,846 [WARN] PackLoader:238 - Cannot read IP mode file for STMicroelectronics.X-CUBE-NFC7.1.0.0
2022-11-04 19:18:11,905 [WARN] PackLoader:238 - Cannot read IP mode file for STMicroelectronics.X-CUBE-MEMS1.9.3.0
2022-11-04 19:18:12,075 [WARN] PackLoader:238 - Cannot read IP mode file for STMicroelectronics.X-CUBE-AI.7.2.0
2022-11-04 19:18:12,089 [WARN] PackLoader:238 - Cannot read IP mode file for STMicroelectronics.X-CUBE-SFXS2LP1.4.0.0
2022-11-04 19:18:12,101 [WARN] PackLoader:238 - Cannot read IP mode file for STMicroelectronics.X-CUBE-BLE2.3.3.0
2022-11-04 19:18:12,118 [WARN] PackLoader:238 - Cannot read IP mode file for STMicroelectronics.X-CUBE-DISPLAY.2.2.0
2022-11-04 19:18:12,141 [WARN] PackLoader:238 - Cannot read IP mode file for STMicroelectronics.X-CUBE-TOF1.3.2.0
2022-11-04 19:18:12,157 [WARN] PackLoader:238 - Cannot read IP mode file for STMicroelectronics.X-CUBE-ISPU.1.0.0
2022-11-04 19:18:12,160 [WARN] PackLoader:238 - Cannot read IP mode file for STMicroelectronics.X-CUBE-ISPU.1.1.0
2022-11-04 19:18:12,174 [WARN] PackLoader:238 - Cannot read IP mode file for RoweBots.I-CUBE-UNISONRTOS.5.5.0-4
2022-11-04 19:18:12,214 [WARN] PackLoader:238 - Cannot read IP mode file for STMicroelectronics.X-CUBE-AZRTOS-H7.2.1.0
2022-11-04 19:18:12,230 [WARN] PackLoader:238 - Cannot read IP mode file for STMicroelectronics.X-CUBE-BLEMGR.1.0.0
2022-11-04 19:18:12,240 [WARN] PackLoader:238 - Cannot read IP mode file for STMicroelectronics.X-CUBE-AI.7.3.0
2022-11-04 19:18:12,251 [WARN] PackLoader:238 - Cannot read IP mode file for STMicroelectronics.X-CUBE-ALGOBUILD.1.3.0
2022-11-04 19:18:12,279 [WARN] PackLoader:238 - Cannot read IP mode file for STMicroelectronics.X-CUBE-AZRTOS-G0.1.1.0
2022-11-04 19:18:12,298 [WARN] PackLoader:238 - Cannot read IP mode file for STMicroelectronics.X-CUBE-SUBG2.5.0.0
2022-11-04 19:18:12,355 [WARN] PackLoader:238 - Cannot read IP mode file for SEGGER.I-CUBE-embOS.1.2.0
2022-11-04 19:18:12,407 [WARN] PackLoader:238 - Cannot read IP mode file for STMicroelectronics.FP-ATR-ASTRA1.1.1.1
2022-11-04 19:18:12,433 [WARN] PackLoader:238 - Cannot read IP mode file for STMicroelectronics.X-CUBE-AZRTOS-G4.1.0.0
2022-11-04 19:18:12,445 [WARN] PackLoader:238 - Cannot read IP mode file for STMicroelectronics.FP-ATR-SIGFOX1.3.2.0
2022-11-04 19:18:12,477 [WARN] PackLoader:238 - Cannot read IP mode file for STMicroelectronics.X-CUBE-AZRTOS-L4.1.0.0
2022-11-04 19:18:12,493 [WARN] PackLoader:238 - Cannot read IP mode file for emotas.I-CUBE-CANOPEN.1.1.2
2022-11-04 19:18:12,503 [WARN] PackLoader:238 - Cannot read IP mode file for STMicroelectronics.X-CUBE-TOUCHGFX.4.20.0
2022-11-04 19:18:12,522 [WARN] PackLoader:238 - Cannot read IP mode file for STMicroelectronics.X-CUBE-AZRTOS-WL.1.0.0
2022-11-04 19:18:12,536 [WARN] PackLoader:238 - Cannot read IP mode file for portGmbH.I-Cube-SoM-uGOAL.1.1.0
2022-11-04 19:18:12,544 [WARN] PackLoader:238 - Cannot read IP mode file for STMicroelectronics.X-CUBE-ALS.1.0.1
2022-11-04 19:18:12,566 [WARN] PackLoader:238 - Cannot read IP mode file for STMicroelectronics.X-CUBE-AZRTOS-L5.1.0.0
2022-11-04 19:18:12,577 [WARN] PackLoader:238 - Cannot read IP mode file for STMicroelectronics.X-CUBE-EEPRMA1.3.1.1
2022-11-04 19:18:12,578 [INFO] ThirdParty:915 - Integrity check success = true
2022-11-04 19:18:12,578 [INFO] IntegrityCheckThread:94 - exiting critical section [integrity check]
2022-11-04 19:18:12,578 [INFO] IntegrityCheckThread:97 - End integrity checks thread
2022-11-04 19:18:13,363 [INFO] Context:592 - Trying to add GPIOservice into a context  which must be forbidden
2022-11-04 19:18:13,596 [INFO] ImportTextPane:167 - (OptionalMessage_ERROR) Unable to find key (Mcu.ThirdPartyNb) in loaded IOC file
2022-11-04 19:18:13,596 [INFO] ImportTextPane:167 - (OptionalMessage_ERROR) Unable to find key (Mcu.PinsNb) in loaded IOC file
2022-11-04 19:18:13,597 [INFO] ImportTextPane:167 - (OptionalMessage_ERROR) Unable to find key (Mcu.IPNb) in loaded IOC file
2022-11-04 19:18:13,636 [WARN] ApiManager:304 - Cannot register API 'Board Extension:GNSS1A1' from pack STMicroelectronics.X-CUBE-GNSS1.6.0.0: no header file found
2022-11-04 19:18:13,636 [WARN] ApiManager:304 - Cannot register API 'Board Support:Custom' from pack STMicroelectronics.X-CUBE-GNSS1.6.0.0: no header file found
2022-11-04 19:18:13,637 [WARN] ApiManager:304 - Cannot register API 'Data Exchange:lib_gnss' from pack STMicroelectronics.X-CUBE-GNSS1.6.0.0: no header file found
2022-11-04 19:18:13,649 [WARN] ApiManager:304 - Cannot register API 'Wireless:BlueNRG-MS' from pack STMicroelectronics.X-CUBE-BLE1.6.2.3: no header file found
2022-11-04 19:18:13,651 [INFO] RtosManager:484 - Registered RTOS mode: class=CMSIS, group=RTOS, mode=CMSIS_V1, owner=FREERTOS
2022-11-04 19:18:13,651 [INFO] RtosManager:484 - Registered RTOS mode: class=CMSIS, group=RTOS2, mode=CMSIS_V2, owner=FREERTOS
2022-11-04 19:18:13,651 [INFO] RtosManager:484 - Registered RTOS mode: class=RTOS, group=Core, mode=CMSIS_V1, owner=FREERTOS
2022-11-04 19:18:13,651 [INFO] RtosManager:484 - Registered RTOS mode: class=RTOS, group=Core, mode=CMSIS_V2, owner=FREERTOS
2022-11-04 19:18:13,651 [WARN] ModelIntegratedComponent:181 - Missing modes for component STMicroelectronics:FreeRTOS:0.0.1:STMicroelectronics:RTOS:FreeRTOS:Core:::10.2.0:
2022-11-04 19:18:13,655 [WARN] ApiManager:304 - Cannot register API 'Board Extension:S2868A1' from pack STMicroelectronics.X-CUBE-SUBG2.5.0.0: no header file found
2022-11-04 19:18:13,655 [WARN] ApiManager:304 - Cannot register API 'Board Extension:S2868A2' from pack STMicroelectronics.X-CUBE-SUBG2.5.0.0: no header file found
2022-11-04 19:18:13,655 [WARN] ApiManager:304 - Cannot register API 'Board Extension:S2915A1' from pack STMicroelectronics.X-CUBE-SUBG2.5.0.0: no header file found
2022-11-04 19:18:13,660 [WARN] ApiManager:304 - Cannot register API 'Board Extension:NFC04A1' from pack STMicroelectronics.X-CUBE-NFC4.2.0.4: no header file found
2022-11-04 19:18:13,666 [WARN] ModelIntegratedComponent:60 - No mode defined for component null
2022-11-04 19:18:13,666 [WARN] ModelIntegratedComponent:60 - No mode defined for component null
2022-11-04 19:18:13,666 [WARN] ModelIntegratedComponent:60 - No mode defined for component null
2022-11-04 19:18:13,666 [WARN] ModelIntegratedComponent:60 - No mode defined for component null
2022-11-04 19:18:13,666 [WARN] ModelIntegratedComponent:60 - No mode defined for component null
2022-11-04 19:18:13,666 [WARN] ModelIntegratedComponent:60 - No mode defined for component null
2022-11-04 19:18:13,666 [WARN] ModelIntegratedComponent:60 - No mode defined for component null
2022-11-04 19:18:13,666 [WARN] ModelIntegratedComponent:60 - No mode defined for component null
2022-11-04 19:18:13,666 [WARN] ModelIntegratedComponent:60 - No mode defined for component null
2022-11-04 19:18:13,667 [WARN] ModelIntegratedComponent:60 - No mode defined for component null
2022-11-04 19:18:13,667 [WARN] ModelIntegratedComponent:60 - No mode defined for component null
2022-11-04 19:18:13,667 [WARN] ModelIntegratedComponent:60 - No mode defined for component null
2022-11-04 19:18:13,667 [WARN] ModelIntegratedComponent:60 - No mode defined for component null
2022-11-04 19:18:13,667 [WARN] ModelIntegratedComponent:60 - No mode defined for component null
2022-11-04 19:18:13,667 [WARN] ModelIntegratedComponent:60 - No mode defined for component null
2022-11-04 19:18:13,667 [WARN] ModelIntegratedComponent:60 - No mode defined for component null
2022-11-04 19:18:13,667 [WARN] ModelIntegratedComponent:60 - No mode defined for component null
2022-11-04 19:18:13,667 [WARN] ModelIntegratedComponent:60 - No mode defined for component null
2022-11-04 19:18:13,667 [WARN] ModelIntegratedComponent:60 - No mode defined for component null
2022-11-04 19:18:13,668 [WARN] ModelIntegratedComponent:60 - No mode defined for component null
2022-11-04 19:18:13,668 [WARN] ModelIntegratedComponent:60 - No mode defined for component null
2022-11-04 19:18:13,668 [WARN] ModelIntegratedComponent:60 - No mode defined for component null
2022-11-04 19:18:13,668 [WARN] ModelIntegratedComponent:60 - No mode defined for component null
2022-11-04 19:18:13,668 [WARN] ModelIntegratedComponent:60 - No mode defined for component null
2022-11-04 19:18:13,668 [WARN] ModelIntegratedComponent:60 - No mode defined for component null
2022-11-04 19:18:13,668 [WARN] ModelIntegratedComponent:60 - No mode defined for component null
2022-11-04 19:18:13,668 [WARN] ModelIntegratedComponent:60 - No mode defined for component null
2022-11-04 19:18:13,668 [WARN] ModelIntegratedComponent:60 - No mode defined for component null
2022-11-04 19:18:13,668 [WARN] ModelIntegratedComponent:60 - No mode defined for component null
2022-11-04 19:18:13,668 [WARN] ModelIntegratedComponent:60 - No mode defined for component null
2022-11-04 19:18:13,668 [WARN] ModelIntegratedComponent:60 - No mode defined for component null
2022-11-04 19:18:13,670 [WARN] ApiManager:304 - Cannot register API 'Board Extension:NFC07A1' from pack STMicroelectronics.X-CUBE-NFC7.1.0.0: no header file found
2022-11-04 19:18:13,833 [WARN] ApiManager:304 - Cannot register API 'Board Extension:IKS01A3' from pack STMicroelectronics.X-CUBE-MEMS1.9.3.0: no header file found
2022-11-04 19:18:13,833 [WARN] ApiManager:304 - Cannot register API 'Board Extension:IKS01A2' from pack STMicroelectronics.X-CUBE-MEMS1.9.3.0: no header file found
2022-11-04 19:18:13,833 [WARN] ApiManager:304 - Cannot register API 'Board Extension:IKS02A1' from pack STMicroelectronics.X-CUBE-MEMS1.9.3.0: no header file found
2022-11-04 19:18:13,840 [WARN] ApiManager:304 - Cannot register API 'Board Extension:EEPRMA1' from pack STMicroelectronics.X-CUBE-EEPRMA1.3.1.1: no header file found
2022-11-04 19:18:13,841 [WARN] ApiManager:304 - Cannot register API 'Board Extension:EEPRMA2' from pack STMicroelectronics.X-CUBE-EEPRMA1.3.1.1: no header file found
2022-11-04 19:18:13,841 [WARN] ApiManager:304 - Cannot register API 'Board Extension:S2868A1' from pack STMicroelectronics.X-CUBE-SFXS2LP1.4.0.0: no header file found
2022-11-04 19:18:13,841 [WARN] ApiManager:304 - Cannot register API 'Board Extension:S2868A2' from pack STMicroelectronics.X-CUBE-SFXS2LP1.4.0.0: no header file found
2022-11-04 19:18:13,842 [WARN] ApiManager:304 - Cannot register API 'Board Extension:S2915A1' from pack STMicroelectronics.X-CUBE-SFXS2LP1.4.0.0: no header file found
2022-11-04 19:18:13,842 [WARN] ApiManager:304 - Cannot register API 'Wireless:BlueNRG-2' from pack STMicroelectronics.X-CUBE-BLE2.3.3.0: no header file found
2022-11-04 19:18:15,800 [INFO] UtilMem:74 - End LoadConfig() Used Memory: 605735328 Bytes (754974720)
2022-11-04 19:18:15,808 [WARN] ThirdParty:779 - waiting for thirdparty lock release [change project]
2022-11-04 19:18:15,808 [INFO] ThirdParty:781 - entering critical section [change project]
2022-11-04 19:18:15,808 [INFO] ThirdParty:967 - CMSIS Pack Vendor :STMicroelectronics X-CUBE-ISPU 1.1.0
2022-11-04 19:18:15,808 [INFO] ThirdParty:967 - CMSIS Pack Vendor :RoweBots I-CUBE-UNISONRTOS 5.5.0-4
2022-11-04 19:18:15,808 [INFO] ThirdParty:967 - CMSIS Pack Vendor :STMicroelectronics X-CUBE-GNSS1 6.0.0
2022-11-04 19:18:15,808 [INFO] ThirdParty:967 - CMSIS Pack Vendor :STMicroelectronics X-CUBE-AZRTOS-H7 2.1.0
2022-11-04 19:18:15,808 [INFO] ThirdParty:967 - CMSIS Pack Vendor :STMicroelectronics USB_HOST 2.0.0
2022-11-04 19:18:15,808 [INFO] ThirdParty:967 - CMSIS Pack Vendor :STMicroelectronics X-CUBE-AZRTOS-F4 1.1.0
2022-11-04 19:18:15,808 [INFO] ThirdParty:967 - CMSIS Pack Vendor :STMicroelectronics USB_DEVICE 3.0.0
2022-11-04 19:18:15,808 [INFO] ThirdParty:967 - CMSIS Pack Vendor :STMicroelectronics X-CUBE-BLEMGR 1.0.0
2022-11-04 19:18:15,809 [INFO] ThirdParty:967 - CMSIS Pack Vendor :STMicroelectronics X-CUBE-BLEMGR 1.2.0
2022-11-04 19:18:15,809 [INFO] ThirdParty:967 - CMSIS Pack Vendor :STMicroelectronics X-CUBE-AZRTOS-F7 1.1.0
2022-11-04 19:18:15,809 [INFO] ThirdParty:967 - CMSIS Pack Vendor :STMicroelectronics USB_DEVICE 2.0.0
2022-11-04 19:18:15,809 [INFO] ThirdParty:967 - CMSIS Pack Vendor :STMicroelectronics X-CUBE-AI 7.3.0
2022-11-04 19:18:15,809 [INFO] ThirdParty:967 - CMSIS Pack Vendor :STMicroelectronics X-CUBE-BLE1 6.2.3
2022-11-04 19:18:15,809 [INFO] ThirdParty:967 - CMSIS Pack Vendor :STMicroelectronics X-CUBE-ALGOBUILD 1.3.0
2022-11-04 19:18:15,809 [INFO] ThirdParty:967 - CMSIS Pack Vendor :STMicroelectronics FreeRTOS 0.0.1
2022-11-04 19:18:15,809 [INFO] ThirdParty:967 - CMSIS Pack Vendor :STMicroelectronics X-CUBE-AZRTOS-G0 1.1.0
2022-11-04 19:18:15,809 [INFO] ThirdParty:967 - CMSIS Pack Vendor :STMicroelectronics X-CUBE-SUBG2 5.0.0
2022-11-04 19:18:15,809 [INFO] ThirdParty:967 - CMSIS Pack Vendor :SEGGER I-CUBE-embOS 1.2.0
2022-11-04 19:18:15,809 [INFO] ThirdParty:967 - CMSIS Pack Vendor :STMicroelectronics lwIP 2.0.3
2022-11-04 19:18:15,809 [INFO] ThirdParty:967 - CMSIS Pack Vendor :STMicroelectronics X-CUBE-NFC4 2.0.4
2022-11-04 19:18:15,809 [INFO] ThirdParty:967 - CMSIS Pack Vendor :STMicroelectronics USB_HOST 1.0.0
2022-11-04 19:18:15,809 [INFO] ThirdParty:967 - CMSIS Pack Vendor :STMicroelectronics PDM2PCM 3.1.0
2022-11-04 19:18:15,810 [INFO] ThirdParty:967 - CMSIS Pack Vendor :STMicroelectronics FP-ATR-ASTRA1 1.1.1
2022-11-04 19:18:15,810 [INFO] ThirdParty:967 - CMSIS Pack Vendor :STMicroelectronics PDM2PCM 3.3.0
2022-11-04 19:18:15,810 [INFO] ThirdParty:967 - CMSIS Pack Vendor :STMicroelectronics X-CUBE-TOF1 3.1.0
2022-11-04 19:18:15,810 [INFO] ThirdParty:967 - CMSIS Pack Vendor :STMicroelectronics X-CUBE-AZRTOS-G4 1.0.0
2022-11-04 19:18:15,810 [INFO] ThirdParty:967 - CMSIS Pack Vendor :STMicroelectronics FP-ATR-SIGFOX1 3.2.0
2022-11-04 19:18:15,810 [INFO] ThirdParty:967 - CMSIS Pack Vendor :STMicroelectronics X-CUBE-AZRTOS-L4 1.0.0
2022-11-04 19:18:15,810 [INFO] ThirdParty:967 - CMSIS Pack Vendor :wolfSSL I-CUBE-wolfSSL 5.5.0
2022-11-04 19:18:15,810 [INFO] ThirdParty:967 - CMSIS Pack Vendor :STMicroelectronics HAL Drivers 0.0.0
2022-11-04 19:18:15,810 [INFO] ThirdParty:967 - CMSIS Pack Vendor :STMicroelectronics MBEDTLS 2.16.2
2022-11-04 19:18:15,810 [INFO] ThirdParty:967 - CMSIS Pack Vendor :emotas I-CUBE-CANOPEN 1.1.2
2022-11-04 19:18:15,810 [INFO] ThirdParty:967 - CMSIS Pack Vendor :STMicroelectronics X-CUBE-TOUCHGFX 4.20.0
2022-11-04 19:18:15,810 [INFO] ThirdParty:967 - CMSIS Pack Vendor :STMicroelectronics MBEDTLS 2.14.1
2022-11-04 19:18:15,810 [INFO] ThirdParty:967 - CMSIS Pack Vendor :STMicroelectronics X-CUBE-NFC7 1.0.0
2022-11-04 19:18:15,810 [INFO] ThirdParty:967 - CMSIS Pack Vendor :STMicroelectronics X-CUBE-AZRTOS-WL 1.0.0
2022-11-04 19:18:15,811 [INFO] ThirdParty:967 - CMSIS Pack Vendor :STMicroelectronics X-CUBE-MEMS1 9.3.0
2022-11-04 19:18:15,811 [INFO] ThirdParty:967 - CMSIS Pack Vendor :portGmbH I-Cube-SoM-uGOAL 1.1.0
2022-11-04 19:18:15,811 [INFO] ThirdParty:967 - CMSIS Pack Vendor :STMicroelectronics X-CUBE-ALS 1.0.1
2022-11-04 19:18:15,811 [INFO] ThirdParty:967 - CMSIS Pack Vendor :STMicroelectronics X-CUBE-AI 7.2.0
2022-11-04 19:18:15,811 [INFO] ThirdParty:967 - CMSIS Pack Vendor :STMicroelectronics X-CUBE-AZRTOS-L5 1.0.0
2022-11-04 19:18:15,811 [INFO] ThirdParty:967 - CMSIS Pack Vendor :STMicroelectronics USB_DEVICE 1.0.0
2022-11-04 19:18:15,811 [INFO] ThirdParty:967 - CMSIS Pack Vendor :STMicroelectronics X-CUBE-EEPRMA1 3.1.1
2022-11-04 19:18:15,811 [INFO] ThirdParty:967 - CMSIS Pack Vendor :STMicroelectronics ThreadX 0.0.2
2022-11-04 19:18:15,811 [INFO] ThirdParty:967 - CMSIS Pack Vendor :STMicroelectronics lwIP 2.1.2
2022-11-04 19:18:15,811 [INFO] ThirdParty:967 - CMSIS Pack Vendor :STMicroelectronics X-CUBE-SFXS2LP1 4.0.0
2022-11-04 19:18:15,811 [INFO] ThirdParty:967 - CMSIS Pack Vendor :STMicroelectronics X-CUBE-BLE2 3.3.0
2022-11-04 19:18:15,811 [INFO] ThirdParty:967 - CMSIS Pack Vendor :STMicroelectronics X-CUBE-DISPLAY 2.2.0
2022-11-04 19:18:15,811 [INFO] ThirdParty:967 - CMSIS Pack Vendor :STMicroelectronics X-CUBE-TOF1 3.2.0
2022-11-04 19:18:15,811 [INFO] ThirdParty:967 - CMSIS Pack Vendor :STMicroelectronics PDM2PCM 3.2.0
2022-11-04 19:18:15,812 [INFO] ThirdParty:967 - CMSIS Pack Vendor :STMicroelectronics X-CUBE-ISPU 1.0.0
2022-11-04 19:18:15,812 [INFO] ThirdParty:787 - exiting critical section [change project]
2022-11-04 19:18:16,031 [INFO] PinOutPanel:1463 - setPackage(No Configuration,No Configuration)
2022-11-04 19:18:16,032 [INFO] PinOutPanel:1463 - setPackage(STM32F103C6Ux,UFQFPN48)
2022-11-04 19:18:16,442 [INFO] UtilMem:74 - Before build in PCC Used Memory: 585916864 Bytes (754974720)
2022-11-04 19:18:17,075 [INFO] UtilMem:74 - After build in PCC Used Memory: 584452352 Bytes (754974720)
2022-11-04 19:18:17,093 [INFO] IPUIPlugin:74 - create IPUIPlugin
2022-11-04 19:18:17,094 [INFO] IPUIPlugin:74 - create IPUIPlugin
2022-11-04 19:18:17,094 [INFO] IPUIPlugin:74 - create IPUIPlugin
2022-11-04 19:18:17,094 [INFO] IPUIPlugin:74 - create IPUIPlugin
2022-11-04 19:18:17,094 [INFO] IPUIPlugin:74 - create IPUIPlugin
2022-11-04 19:18:17,094 [INFO] IPUIPlugin:74 - create IPUIPlugin
2022-11-04 19:18:17,094 [INFO] IPUIPlugin:74 - create IPUIPlugin
2022-11-04 19:18:17,094 [INFO] IPUIPlugin:74 - create IPUIPlugin
2022-11-04 19:18:17,094 [INFO] IPUIPlugin:74 - create IPUIPlugin
2022-11-04 19:18:17,095 [INFO] IPUIPlugin:74 - create IPUIPlugin
2022-11-04 19:18:17,095 [INFO] IPUIPlugin:74 - create IPUIPlugin
2022-11-04 19:18:17,095 [INFO] IPUIPlugin:74 - create IPUIPlugin
2022-11-04 19:18:17,095 [INFO] IPUIPlugin:74 - create IPUIPlugin
2022-11-04 19:18:17,096 [INFO] IPUIPlugin:74 - create IPUIPlugin
2022-11-04 19:18:17,096 [INFO] IPUIPlugin:74 - create IPUIPlugin
2022-11-04 19:18:17,096 [INFO] IPUIPlugin:74 - create IPUIPlugin
2022-11-04 19:18:17,096 [INFO] IPUIPlugin:74 - create IPUIPlugin
2022-11-04 19:18:17,097 [INFO] IPUIPlugin:74 - create IPUIPlugin
2022-11-04 19:18:17,097 [INFO] IPUIPlugin:74 - create IPUIPlugin
2022-11-04 19:18:17,097 [INFO] IPUIPlugin:74 - create IPUIPlugin
2022-11-04 19:18:17,098 [INFO] IPUIPlugin:74 - create IPUIPlugin
2022-11-04 19:18:17,098 [INFO] IPUIPlugin:74 - create IPUIPlugin
2022-11-04 19:18:17,098 [INFO] IPUIPlugin:74 - create IPUIPlugin
2022-11-04 19:18:17,199 [INFO] OpenFileManager:333 - Restore cursor
2022-11-04 19:18:17,558 [INFO] UtilMem:74 - End SaveConfig() Used Memory: 645650976 Bytes (754974720)
2022-11-04 19:18:17,612 [INFO] UtilMem:74 - End SaveConfig() Used Memory: 658033592 Bytes (754974720)
2022-11-04 19:18:18,017 [INFO] BlockDiagram:2740 - set Specific Code input for plugin: NVIC
2022-11-04 19:18:18,017 [INFO] BlockDiagram:2740 - set Specific Code input for plugin: SYS
2022-11-04 19:18:18,017 [INFO] BlockDiagram:2740 - set Specific Code input for plugin: RCC
2022-11-04 19:18:18,018 [INFO] CodeGenerator:663 - code generatio: config db path: D:\programs\STM32CubeIDE_1.7.0\STM32CubeIDE\plugins\com.st.stm32cube.common.mx_6.3.0.202107141111\\db\
2022-11-04 19:18:18,384 [INFO] CodeEngine:239 - oldGeneratedFile, D:\learnin\vixuli-dieukhien\midTerm\STM\midTerm\MXTmpFiles\license.tmp_save
2022-11-04 19:18:18,782 [INFO] CodeEngine:257 - Generated code: D:\learnin\vixuli-dieukhien\midTerm\STM\midTerm\MXTmpFiles\license.tmp
2022-11-04 19:18:18,900 [INFO] CodeEngine:239 - oldGeneratedFile, D:\learnin\vixuli-dieukhien\midTerm\STM\midTerm\Core\Src\stm32f1xx_it.c_save
2022-11-04 19:18:18,997 [INFO] CodeEngine:257 - Generated code: D:\learnin\vixuli-dieukhien\midTerm\STM\midTerm\Core\Src\stm32f1xx_it.c
2022-11-04 19:18:19,003 [INFO] CodeEngine:239 - oldGeneratedFile, D:\learnin\vixuli-dieukhien\midTerm\STM\midTerm\Core\Inc\stm32f1xx_it.h_save
2022-11-04 19:18:19,061 [INFO] CodeEngine:257 - Generated code: D:\learnin\vixuli-dieukhien\midTerm\STM\midTerm\Core\Inc\stm32f1xx_it.h
2022-11-04 19:18:19,075 [INFO] CodeEngine:239 - oldGeneratedFile, D:\learnin\vixuli-dieukhien\midTerm\STM\midTerm\Core\Src\stm32f1xx_hal_msp.c_save
2022-11-04 19:18:19,211 [INFO] CodeEngine:257 - Generated code: D:\learnin\vixuli-dieukhien\midTerm\STM\midTerm\Core\Src\stm32f1xx_hal_msp.c
2022-11-04 19:18:19,217 [INFO] CodeEngine:239 - oldGeneratedFile, D:\learnin\vixuli-dieukhien\midTerm\STM\midTerm\MXTmpFiles\system.tmp_save
2022-11-04 19:18:19,290 [INFO] CodeEngine:257 - Generated code: D:\learnin\vixuli-dieukhien\midTerm\STM\midTerm\MXTmpFiles\system.tmp
2022-11-04 19:18:19,303 [INFO] CodeEngine:239 - oldGeneratedFile, D:\learnin\vixuli-dieukhien\midTerm\STM\midTerm\Core\Inc\stm32f1xx_hal_conf.h_save
2022-11-04 19:18:19,404 [INFO] CodeEngine:257 - Generated code: D:\learnin\vixuli-dieukhien\midTerm\STM\midTerm\Core\Inc\stm32f1xx_hal_conf.h
2022-11-04 19:18:19,464 [INFO] CodeEngine:239 - oldGeneratedFile, D:\learnin\vixuli-dieukhien\midTerm\STM\midTerm\Core\Inc\main.h_save
2022-11-04 19:18:19,556 [INFO] CodeEngine:257 - Generated code: D:\learnin\vixuli-dieukhien\midTerm\STM\midTerm\Core\Inc\main.h
2022-11-04 19:18:19,563 [INFO] CodeEngine:239 - oldGeneratedFile, D:\learnin\vixuli-dieukhien\midTerm\STM\midTerm\Core\Src\main.c_save
2022-11-04 19:18:19,715 [INFO] CodeEngine:257 - Generated code: D:\learnin\vixuli-dieukhien\midTerm\STM\midTerm\Core\Src\main.c
2022-11-04 19:18:20,892 [INFO] ProjectBuilder:2578 - Time for Copy HAL[1] : 322mS.
2022-11-04 19:18:20,899 [INFO] ProjectBuilder:3622 - Project Generator version: 3.14.1
2022-11-04 19:18:21,392 [INFO] ConfigFileManager:1271 - The Die is : DIE412
2022-11-04 19:18:21,414 [INFO] ApiDbMcu:468 - Load IP Config File for FATFS
2022-11-04 19:18:21,453 [INFO] ApiDbMcu:468 - Load IP Config File for FREERTOS
2022-11-04 19:18:21,531 [INFO] ApiDbMcu:468 - Load IP Config File for USB_DEVICE
2022-11-04 19:18:28,392 [INFO] ProjectBuilder:3789 - Time for Generating toolchain IDE Files: 7493mS.
2022-11-04 19:18:28,393 [INFO] ProjectBuilder:2457 - Time for Copy CMSIS : 0mS.
2022-11-04 19:18:28,395 [INFO] ProjectBuilder:2457 - Time for Copy CMSIS : 0mS.
2022-11-04 19:18:29,515 [INFO] McuFinderGlobals:52 - Set McuFinderConnectedMode to true
2022-11-04 19:18:29,516 [INFO] ApiDb:276 - Save user favorites file C:\Users\MINH/.stm32cubeide/favorites.mcus.txt: 1 item(s)
2022-11-04 19:18:29,516 [INFO] ApiDb:280 - User favorites MCUs=[STM32F103C6Ux]
2022-11-04 19:24:12,875 [INFO] Gpio:254 - dependency for GPIO []
2022-11-04 19:24:34,080 [INFO] Gpio:254 - dependency for GPIO []
2022-11-04 19:24:37,927 [INFO] NvicIntPanel:96 - NVIC parent = com.st.microxplorer.plugins.ip.nvic.MultiNvicIntPanel[,0,0,0x0,invalid,layout=javax.swing.BoxLayout,alignmentX=0.0,alignmentY=0.0,border=,flags=9,maximumSize=,minimumSize=,preferredSize=]
2022-11-04 19:24:39,241 [INFO] NvicIntPanel:96 - NVIC parent = com.st.microxplorer.plugins.ip.nvic.MultiNvicIntPanel[,0,0,0x0,invalid,layout=javax.swing.BoxLayout,alignmentX=0.0,alignmentY=0.0,border=,flags=9,maximumSize=,minimumSize=,preferredSize=]
2022-11-04 19:25:01,875 [INFO] UtilMem:74 - End SaveConfig() Used Memory: 619622632 Bytes (1073741824)
2022-11-04 19:25:04,729 [INFO] UtilMem:74 - End SaveConfig() Used Memory: 652128488 Bytes (1073741824)
2022-11-04 19:25:07,805 [INFO] UtilMem:74 - End SaveConfig() Used Memory: 631344136 Bytes (1073741824)
2022-11-04 19:25:08,219 [INFO] BlockDiagram:2740 - set Specific Code input for plugin: NVIC
2022-11-04 19:25:08,219 [INFO] BlockDiagram:2740 - set Specific Code input for plugin: SYS
2022-11-04 19:25:08,219 [INFO] BlockDiagram:2740 - set Specific Code input for plugin: GPIO
2022-11-04 19:25:08,220 [INFO] BlockDiagram:2740 - set Specific Code input for plugin: RCC
2022-11-04 19:25:08,220 [INFO] BlockDiagram:2740 - set Specific Code input for plugin: TIM1_8F1
2022-11-04 19:25:08,221 [INFO] CodeGenerator:663 - code generatio: config db path: D:\programs\STM32CubeIDE_1.7.0\STM32CubeIDE\plugins\com.st.stm32cube.common.mx_6.3.0.202107141111\\db\
2022-11-04 19:25:08,503 [INFO] CodeEngine:239 - oldGeneratedFile, D:\learnin\vixuli-dieukhien\midTerm\STM\midTerm\MXTmpFiles\license.tmp_save
2022-11-04 19:25:08,557 [INFO] CodeEngine:257 - Generated code: D:\learnin\vixuli-dieukhien\midTerm\STM\midTerm\MXTmpFiles\license.tmp
2022-11-04 19:25:08,647 [INFO] CodeEngine:239 - oldGeneratedFile, D:\learnin\vixuli-dieukhien\midTerm\STM\midTerm\MXTmpFiles\gpio.tmp_save
2022-11-04 19:25:08,723 [INFO] CodeEngine:257 - Generated code: D:\learnin\vixuli-dieukhien\midTerm\STM\midTerm\MXTmpFiles\gpio.tmp
2022-11-04 19:25:08,977 [INFO] CodeEngine:239 - oldGeneratedFile, D:\learnin\vixuli-dieukhien\midTerm\STM\midTerm\Core\Src\stm32f1xx_it.c_save
2022-11-04 19:25:09,052 [INFO] CodeEngine:257 - Generated code: D:\learnin\vixuli-dieukhien\midTerm\STM\midTerm\Core\Src\stm32f1xx_it.c
2022-11-04 19:25:09,058 [INFO] CodeEngine:239 - oldGeneratedFile, D:\learnin\vixuli-dieukhien\midTerm\STM\midTerm\Core\Inc\stm32f1xx_it.h_save
2022-11-04 19:25:09,115 [INFO] CodeEngine:257 - Generated code: D:\learnin\vixuli-dieukhien\midTerm\STM\midTerm\Core\Inc\stm32f1xx_it.h
2022-11-04 19:25:09,127 [INFO] CodeEngine:239 - oldGeneratedFile, D:\learnin\vixuli-dieukhien\midTerm\STM\midTerm\Core\Src\stm32f1xx_hal_msp.c_save
2022-11-04 19:25:09,208 [INFO] CodeEngine:257 - Generated code: D:\learnin\vixuli-dieukhien\midTerm\STM\midTerm\Core\Src\stm32f1xx_hal_msp.c
2022-11-04 19:25:09,210 [INFO] CodeEngine:239 - oldGeneratedFile, D:\learnin\vixuli-dieukhien\midTerm\STM\midTerm\MXTmpFiles\system.tmp_save
2022-11-04 19:25:09,253 [INFO] CodeEngine:257 - Generated code: D:\learnin\vixuli-dieukhien\midTerm\STM\midTerm\MXTmpFiles\system.tmp
2022-11-04 19:25:09,262 [INFO] CodeEngine:239 - oldGeneratedFile, D:\learnin\vixuli-dieukhien\midTerm\STM\midTerm\Core\Inc\stm32f1xx_hal_conf.h_save
2022-11-04 19:25:09,323 [INFO] CodeEngine:257 - Generated code: D:\learnin\vixuli-dieukhien\midTerm\STM\midTerm\Core\Inc\stm32f1xx_hal_conf.h
2022-11-04 19:25:09,334 [WARN] IPConfigManager:3148 - IP not found : TIM
2022-11-04 19:25:09,335 [WARN] CodeGenerator:3268 - IP not found : null
2022-11-04 19:25:09,343 [INFO] CodeEngine:239 - oldGeneratedFile, D:\learnin\vixuli-dieukhien\midTerm\STM\midTerm\Core\Inc\main.h_save
2022-11-04 19:25:09,403 [INFO] CodeEngine:257 - Generated code: D:\learnin\vixuli-dieukhien\midTerm\STM\midTerm\Core\Inc\main.h
2022-11-04 19:25:09,410 [INFO] CodeEngine:239 - oldGeneratedFile, D:\learnin\vixuli-dieukhien\midTerm\STM\midTerm\Core\Src\main.c_save
2022-11-04 19:25:09,527 [INFO] CodeEngine:257 - Generated code: D:\learnin\vixuli-dieukhien\midTerm\STM\midTerm\Core\Src\main.c
2022-11-04 19:25:10,373 [INFO] ProjectBuilder:2578 - Time for Copy HAL[1] : 145mS.
2022-11-04 19:25:10,376 [INFO] ProjectBuilder:3622 - Project Generator version: 3.14.1
2022-11-04 19:25:10,874 [INFO] ConfigFileManager:1271 - The Die is : DIE412
2022-11-04 19:25:12,843 [INFO] ProjectBuilder:3789 - Time for Generating toolchain IDE Files: 2467mS.
2022-11-04 19:25:12,844 [INFO] ProjectBuilder:2457 - Time for Copy CMSIS : 0mS.
2022-11-04 19:25:12,846 [INFO] ProjectBuilder:2457 - Time for Copy CMSIS : 0mS.
